have_func: checking for asprintf()... -------------------- yes

"gcc -o conftest -I. -I/home/wellsj/.rvm/rubies/ruby-1.8.7-p302/lib/ruby/1.8/x86_64-linux -I.    -g -O2  -fPIC   conftest.c  -L. -L/home/wellsj/.rvm/rubies/ruby-1.8.7-p302/lib -Wl,-R/home/wellsj/.rvm/rubies/ruby-1.8.7-p302/lib -L.  -rdynamic -Wl,-export-dynamic     -lruby-static  -lrt -ldl -lcrypt -lm   -lc"
conftest.c: In function ‘t’:
conftest.c:3: error: ‘asprintf’ undeclared (first use in this function)
conftest.c:3: error: (Each undeclared identifier is reported only once
conftest.c:3: error: for each function it appears in.)
checked program was:
/* begin */
1: /*top*/
2: int main() { return 0; }
3: int t() { void ((*volatile p)()); p = (void ((*)()))asprintf; return 0; }
/* end */

"gcc -o conftest -I. -I/home/wellsj/.rvm/rubies/ruby-1.8.7-p302/lib/ruby/1.8/x86_64-linux -I.    -g -O2  -fPIC   conftest.c  -L. -L/home/wellsj/.rvm/rubies/ruby-1.8.7-p302/lib -Wl,-R/home/wellsj/.rvm/rubies/ruby-1.8.7-p302/lib -L.  -rdynamic -Wl,-export-dynamic     -lruby-static  -lrt -ldl -lcrypt -lm   -lc"
checked program was:
/* begin */
1: /*top*/
2: int main() { return 0; }
3: int t() { asprintf(); return 0; }
/* end */

--------------------

have_header: checking for ruby/st.h... -------------------- no

"gcc -E -I. -I/home/wellsj/.rvm/rubies/ruby-1.8.7-p302/lib/ruby/1.8/x86_64-linux -I.    -g -O2  -fPIC    conftest.c -o conftest.i"
conftest.c:1: fatal error: ruby/st.h: No such file or directory
compilation terminated.
checked program was:
/* begin */
1: #include <ruby/st.h>
/* end */

--------------------

have_header: checking for st.h... -------------------- yes

"gcc -E -I. -I/home/wellsj/.rvm/rubies/ruby-1.8.7-p302/lib/ruby/1.8/x86_64-linux -I.    -g -O2  -fPIC    conftest.c -o conftest.i"
checked program was:
/* begin */
1: #include <st.h>
/* end */

--------------------

have_header: checking for ruby/regex.h... -------------------- no

"gcc -E -I. -I/home/wellsj/.rvm/rubies/ruby-1.8.7-p302/lib/ruby/1.8/x86_64-linux -I.    -g -O2  -fPIC    conftest.c -o conftest.i"
conftest.c:1: fatal error: ruby/regex.h: No such file or directory
compilation terminated.
checked program was:
/* begin */
1: #include <ruby/regex.h>
/* end */

--------------------

have_header: checking for regex.h... -------------------- yes

"gcc -E -I. -I/home/wellsj/.rvm/rubies/ruby-1.8.7-p302/lib/ruby/1.8/x86_64-linux -I.    -g -O2  -fPIC    conftest.c -o conftest.i"
checked program was:
/* begin */
1: #include <regex.h>
/* end */

--------------------

have_header: checking for ruby/encoding.h... -------------------- no

"gcc -E -I. -I/home/wellsj/.rvm/rubies/ruby-1.8.7-p302/lib/ruby/1.8/x86_64-linux -I.    -g -O2  -fPIC    conftest.c -o conftest.i"
conftest.c:1: fatal error: ruby/encoding.h: No such file or directory
compilation terminated.
checked program was:
/* begin */
1: #include <ruby/encoding.h>
/* end */

--------------------

